{
  "RSpec": {
    "coverage": {
      "/Users/caio/Projects/RailsProjects/minesweeper-api/config/environment.rb": [
        null,
        1,
        null,
        null,
        1
      ],
      "/Users/caio/Projects/RailsProjects/minesweeper-api/config/application.rb": [
        1,
        null,
        1,
        null,
        1,
        1,
        1,
        1,
        1,
        1,
        1,
        1,
        null,
        1,
        null,
        null,
        null,
        1,
        null,
        1,
        1,
        null,
        1,
        null,
        null,
        null,
        null,
        null,
        null,
        null,
        null,
        null,
        1,
        null,
        null
      ],
      "/Users/caio/Projects/RailsProjects/minesweeper-api/config/boot.rb": [
        1,
        null,
        1,
        1
      ],
      "/Users/caio/Projects/RailsProjects/minesweeper-api/config/environments/test.rb": [
        1,
        null,
        null,
        null,
        null,
        null,
        null,
        1,
        null,
        null,
        null,
        null,
        1,
        null,
        null,
        1,
        1,
        null,
        null,
        null,
        null,
        1,
        1,
        null,
        null,
        1,
        null,
        null,
        1,
        null,
        null,
        1,
        null,
        1,
        null,
        null,
        null,
        null,
        1,
        null,
        null,
        1,
        null,
        null,
        null,
        null
      ],
      "/Users/caio/Projects/RailsProjects/minesweeper-api/config/initializers/application_controller_renderer.rb": [
        null,
        null,
        null,
        null,
        null,
        null,
        null,
        null
      ],
      "/Users/caio/Projects/RailsProjects/minesweeper-api/config/initializers/backtrace_silencers.rb": [
        null,
        null,
        null,
        null,
        null,
        null,
        null
      ],
      "/Users/caio/Projects/RailsProjects/minesweeper-api/config/initializers/cors.rb": [
        null,
        null,
        null,
        null,
        null,
        null,
        null,
        null,
        null,
        null,
        null,
        null,
        null,
        null,
        null,
        null
      ],
      "/Users/caio/Projects/RailsProjects/minesweeper-api/config/initializers/filter_parameter_logging.rb": [
        null,
        null,
        null,
        1
      ],
      "/Users/caio/Projects/RailsProjects/minesweeper-api/config/initializers/inflections.rb": [
        null,
        null,
        null,
        null,
        null,
        null,
        null,
        null,
        null,
        null,
        null,
        null,
        null,
        null,
        null,
        null
      ],
      "/Users/caio/Projects/RailsProjects/minesweeper-api/config/initializers/mime_types.rb": [
        null,
        null,
        null,
        null
      ],
      "/Users/caio/Projects/RailsProjects/minesweeper-api/config/initializers/wrap_parameters.rb": [
        null,
        null,
        null,
        null,
        null,
        null,
        1,
        2,
        null,
        null,
        null,
        null,
        null,
        null
      ],
      "/Users/caio/Projects/RailsProjects/minesweeper-api/spec/factories/grids.rb": [
        null,
        1,
        1,
        1,
        1,
        1,
        1,
        null,
        null
      ],
      "/Users/caio/Projects/RailsProjects/minesweeper-api/spec/factories/squares.rb": [
        null,
        1,
        1,
        1,
        1,
        1,
        null,
        null
      ],
      "/Users/caio/Projects/RailsProjects/minesweeper-api/spec/factories/users.rb": [
        null,
        1,
        1,
        1,
        1,
        1,
        null,
        null
      ],
      "/Users/caio/Projects/RailsProjects/minesweeper-api/config/routes.rb": [
        1,
        null,
        1,
        null,
        1,
        1,
        1,
        1,
        1,
        1,
        null,
        null,
        null,
        null
      ],
      "/Users/caio/Projects/RailsProjects/minesweeper-api/spec/support/authentication_helpers.rb": [
        1,
        1,
        8,
        8,
        null,
        null
      ],
      "/Users/caio/Projects/RailsProjects/minesweeper-api/app/controllers/authentication_controller.rb": [
        1,
        1,
        null,
        1,
        10,
        null,
        10,
        9,
        null,
        1,
        null,
        null,
        null
      ],
      "/Users/caio/Projects/RailsProjects/minesweeper-api/app/controllers/application_controller.rb": [
        1,
        1,
        1,
        null,
        1,
        5,
        null,
        null,
        1,
        null,
        1,
        12,
        12,
        null,
        null
      ],
      "/Users/caio/Projects/RailsProjects/minesweeper-api/spec/controllers/users_controller_spec.rb": [
        1,
        null,
        1,
        1,
        1,
        1,
        1,
        null,
        null,
        1,
        1,
        1,
        1,
        null,
        null,
        null
      ],
      "/Users/caio/Projects/RailsProjects/minesweeper-api/app/controllers/users_controller.rb": [
        1,
        1,
        null,
        1,
        2,
        2,
        1,
        null,
        1,
        null,
        null,
        null,
        1,
        null,
        1,
        2,
        null,
        null
      ],
      "/Users/caio/Projects/RailsProjects/minesweeper-api/spec/models/grid_spec.rb": [
        1,
        null,
        1,
        1,
        1,
        1,
        null,
        null,
        null,
        1,
        6,
        null,
        1,
        2,
        2,
        2,
        null,
        null,
        1,
        3,
        1,
        1,
        1,
        null,
        null,
        1,
        1,
        1,
        null,
        null,
        null,
        null
      ],
      "/Users/caio/Projects/RailsProjects/minesweeper-api/app/models/grid.rb": [
        1,
        1,
        1,
        null,
        1,
        1,
        null,
        1,
        1,
        1,
        null,
        1,
        1,
        null,
        1,
        null,
        1,
        29,
        null,
        null,
        1,
        25,
        null,
        null,
        1,
        25,
        213,
        2044,
        null,
        null,
        null,
        328,
        null,
        null
      ],
      "/Users/caio/Projects/RailsProjects/minesweeper-api/app/models/application_record.rb": [
        1,
        1,
        null
      ],
      "/Users/caio/Projects/RailsProjects/minesweeper-api/spec/models/square_spec.rb": [
        1,
        null,
        1,
        1,
        1,
        1,
        null,
        null,
        null,
        1,
        3,
        null,
        1,
        2,
        2,
        null,
        null,
        null,
        1,
        2,
        null,
        1,
        1,
        null,
        null,
        null,
        1,
        2,
        null,
        1,
        1,
        1,
        1,
        1,
        1,
        1,
        null,
        null,
        null,
        1,
        3,
        null,
        1,
        1,
        1,
        1,
        null,
        null,
        1,
        3,
        1,
        null,
        null,
        null,
        1,
        3,
        null,
        1,
        1,
        1,
        null,
        null,
        1,
        1,
        1,
        null,
        null,
        null
      ],
      "/Users/caio/Projects/RailsProjects/minesweeper-api/app/models/square.rb": [
        1,
        1,
        null,
        1,
        1,
        null,
        1,
        2351,
        null,
        null,
        1,
        2351,
        null,
        null,
        1,
        305,
        2440,
        null,
        305,
        305,
        305,
        null,
        null,
        1,
        304,
        304,
        304,
        null,
        null,
        1,
        4,
        4,
        null,
        4,
        16,
        null,
        4,
        4,
        null,
        null,
        1,
        3,
        3,
        3,
        3,
        null,
        1,
        null,
        2,
        0,
        null,
        null,
        3,
        null,
        null,
        1,
        null,
        1,
        0,
        0,
        0,
        0,
        0,
        0,
        0,
        null,
        null,
        null,
        0,
        null,
        null
      ],
      "/Users/caio/Projects/RailsProjects/minesweeper-api/spec/models/user_spec.rb": [
        1,
        null,
        1,
        1,
        1,
        1,
        null,
        null,
        null,
        1,
        5,
        null,
        1,
        2,
        2,
        2,
        null,
        null,
        1,
        2,
        null,
        null,
        null
      ],
      "/Users/caio/Projects/RailsProjects/minesweeper-api/app/models/user.rb": [
        1,
        1,
        null,
        1,
        null,
        1,
        1,
        null
      ],
      "/Users/caio/Projects/RailsProjects/minesweeper-api/spec/requests/grids_integration_spec.rb": [
        1,
        null,
        1,
        6,
        null,
        1,
        1,
        1,
        1,
        null,
        null,
        1,
        1,
        1,
        1,
        null,
        1,
        1,
        1,
        1,
        1,
        null,
        null,
        null,
        1,
        1,
        1,
        1,
        null,
        1,
        1,
        null,
        null,
        1,
        1,
        1,
        null,
        1,
        1,
        1,
        1,
        null,
        null,
        null,
        1,
        1,
        1,
        1,
        null,
        1,
        1,
        1,
        null,
        null,
        1,
        1,
        1,
        1,
        null,
        1,
        1,
        1,
        null,
        null,
        null
      ],
      "/Users/caio/Projects/RailsProjects/minesweeper-api/spec/requests/squares_integration_spec.rb": [
        1,
        null,
        1,
        7,
        7,
        null,
        1,
        1,
        1,
        1,
        null,
        null,
        1,
        1,
        null,
        1,
        1,
        1,
        null,
        1,
        1,
        null,
        null,
        null,
        1,
        1,
        1,
        1,
        null,
        null,
        1,
        1,
        null,
        1,
        1,
        1,
        null,
        1,
        1,
        null,
        null,
        null,
        1,
        1,
        1,
        1,
        null,
        null,
        1,
        1,
        null,
        1,
        1,
        1,
        1,
        1,
        0,
        null,
        1,
        null,
        null,
        null,
        null
      ],
      "/Users/caio/Projects/RailsProjects/minesweeper-api/app/services/authenticate_user_service.rb": [
        1,
        1,
        null,
        1,
        10,
        10,
        null,
        null,
        1,
        10,
        null,
        null,
        1,
        null,
        1,
        null,
        1,
        19,
        19,
        null,
        1,
        null,
        null,
        null
      ],
      "/Users/caio/Projects/RailsProjects/minesweeper-api/app/utilities/json_web_token.rb": [
        1,
        1,
        1,
        9,
        9,
        null,
        null,
        1,
        12,
        8,
        null,
        4,
        null,
        null,
        null
      ],
      "/Users/caio/Projects/RailsProjects/minesweeper-api/app/controllers/grids_controller.rb": [
        1,
        1,
        1,
        null,
        null,
        1,
        2,
        2,
        2,
        2,
        1,
        null,
        1,
        null,
        null,
        null,
        1,
        2,
        2,
        2,
        2,
        1,
        null,
        1,
        1,
        null,
        null,
        2,
        1,
        null,
        1,
        null,
        null,
        null,
        1,
        null,
        1,
        2,
        null,
        null
      ],
      "/Users/caio/Projects/RailsProjects/minesweeper-api/app/services/authorize_api_request_service.rb": [
        1,
        1,
        null,
        1,
        12,
        null,
        null,
        1,
        12,
        null,
        null,
        1,
        null,
        1,
        null,
        1,
        12,
        12,
        null,
        null,
        1,
        20,
        null,
        null,
        1,
        12,
        8,
        null,
        4,
        null,
        null,
        null,
        null
      ],
      "/Users/caio/Projects/RailsProjects/minesweeper-api/app/controllers/squares_controller.rb": [
        1,
        1,
        1,
        null,
        null,
        1,
        1,
        1,
        1,
        null,
        0,
        null,
        null,
        null,
        1,
        1,
        1,
        1,
        null,
        null,
        1,
        null,
        1,
        2,
        2,
        null,
        null
      ]
    },
    "timestamp": 1525558193
  }
}
